<?xml version="1.0" encoding="UTF-8"?>
<testsuite xmlns:xsi="http://www.w3.org/2001/XMLSchema-instance" xsi:schemaLocation="https://maven.apache.org/surefire/maven-surefire-plugin/xsd/surefire-test-report.xsd" name="com.swcguild.flooringmastery.service.FlooringMasteryServiceLayerTest" time="0.155" tests="8" errors="0" skipped="0" failures="0">
  <properties>
[...]
</properties>
  <testcase name="testGetOrder" classname="com.swcguild.flooringmastery.service.FlooringMasteryServiceLayerTest" time="0.062"/>
  <testcase name="testTax" classname="com.swcguild.flooringmastery.service.FlooringMasteryServiceLayerTest" time="0"/>
  <testcase name="testSaveWork" classname="com.swcguild.flooringmastery.service.FlooringMasteryServiceLayerTest" time="0.002"/>
  <testcase name="testEditOrder" classname="com.swcguild.flooringmastery.service.FlooringMasteryServiceLayerTest" time="0.002"/>
  <testcase name="testCost" classname="com.swcguild.flooringmastery.service.FlooringMasteryServiceLayerTest" time="0.011"/>
  <testcase name="testRemoveOrder" classname="com.swcguild.flooringmastery.service.FlooringMasteryServiceLayerTest" time="0.015"/>
  <testcase name="testAddOrder" classname="com.swcguild.flooringmastery.service.FlooringMasteryServiceLayerTest" time="0.015"/>
  <testcase name="testDisplayOrders" classname="com.swcguild.flooringmastery.service.FlooringMasteryServiceLayerTest" time="0.021"/>
</testsuite>